<?xml version="1.0" encoding="utf-8"?><testsuites name="pytest tests"><testsuite name="pytest" errors="0" failures="0" skipped="0" tests="42" time="53.280" timestamp="2026-05-30T00:21:25.934476+00:00" hostname="agent-env-949bb218-3d61-47f4-b5a3-305b05913db1"><testcase classname="tests.test_backend.TestAuth" name="test_me_with_valid_token_returns_user" time="0.172" /><testcase classname="tests.test_backend.TestAuth" name="test_me_missing_token_returns_401" time="0.057" /><testcase classname="tests.test_backend.TestAuth" name="test_me_invalid_token_returns_401" time="0.061" /><testcase classname="tests.test_backend.TestAuth" name="test_me_malformed_authorization_header_returns_401" time="0.051" /><testcase classname="tests.test_backend.TestAuth" name="test_expired_session_returns_401" time="0.066" /><testcase classname="tests.test_backend.TestCoupleCreateJoin" name="test_create_returns_invite_code_and_solo_state" time="0.057" /><testcase classname="tests.test_backend.TestCoupleCreateJoin" name="test_create_is_idempotent_for_same_user" time="0.115" /><testcase classname="tests.test_backend.TestCoupleCreateJoin" name="test_join_invalid_code_returns_404" time="0.123" /><testcase classname="tests.test_backend.TestCoupleCreateJoin" name="test_join_links_second_partner" time="0.116" /><testcase classname="tests.test_backend.TestCoupleCreateJoin" name="test_join_when_already_linked_returns_400" time="0.177" /><testcase classname="tests.test_backend.TestCoupleCreateJoin" name="test_join_full_couple_rejects_third_user" time="0.064" /><testcase classname="tests.test_backend.TestCoupleCreateJoin" name="test_couple_get_unlinked_returns_has_couple_false" time="0.055" /><testcase classname="tests.test_backend.TestCoupleCreateJoin" name="test_settings_anniversary_computes_days_together" time="0.288" /><testcase classname="tests.test_backend.TestCoupleCreateJoin" name="test_settings_requires_couple" time="0.057" /><testcase classname="tests.test_backend.TestMemories" name="test_too_many_photos_rejected" time="0.316" /><testcase classname="tests.test_backend.TestMemories" name="test_create_memory_caption_truncated_to_1500" time="0.336" /><testcase classname="tests.test_backend.TestMemories" name="test_voice_duration_capped_at_60" time="0.312" /><testcase classname="tests.test_backend.TestMemories" name="test_list_by_month_filters_and_returns_dots_data" time="0.481" /><testcase classname="tests.test_backend.TestMemories" name="test_by_date_returns_only_that_day" time="0.458" /><testcase classname="tests.test_backend.TestMemories" name="test_only_author_can_delete" time="0.553" /><testcase classname="tests.test_backend.TestDailyQuestion" name="test_question_is_deterministic_for_today" time="0.477" /><testcase classname="tests.test_backend.TestDailyQuestion" name="test_partner_answer_hidden_until_you_answer" time="0.419" /><testcase classname="tests.test_backend.TestDailyTrivia" name="test_generate_creates_question_with_4_options" time="2.192" /><testcase classname="tests.test_backend.TestDailyTrivia" name="test_generate_is_idempotent_per_day" time="2.555" /><testcase classname="tests.test_backend.TestDailyTrivia" name="test_get_before_generate_returns_exists_false" time="0.294" /><testcase classname="tests.test_backend.TestDailyTrivia" name="test_answer_correct_awards_point_and_blocks_second_answer" time="2.710" /><testcase classname="tests.test_backend.TestWeeklyChallenge" name="test_get_auto_generates_pending_challenge" time="1.476" /><testcase classname="tests.test_backend.TestWeeklyChallenge" name="test_cannot_complete_before_accept" time="2.159" /><testcase classname="tests.test_backend.TestWeeklyChallenge" name="test_decline_path" time="1.743" /><testcase classname="tests.test_backend.TestWeeklyChallenge" name="test_accept_then_complete_awards_5_points_and_reveals_to_partner" time="4.567" /><testcase classname="tests.test_backend.TestWeeklyChallenge" name="test_invalid_action_returns_400" time="0.326" /><testcase classname="tests.test_backend.TestWeeklyWager" name="test_propose_then_partner_accepts" time="0.601" /><testcase classname="tests.test_backend.TestWeeklyWager" name="test_only_one_active_wager_per_week_but_decline_allows_new" time="0.468" /><testcase classname="tests.test_backend.TestWeeklyWager" name="test_respond_when_no_wager_returns_404" time="0.297" /><testcase classname="tests.test_backend.TestWeeklyWager" name="test_invalid_action_returns_400" time="0.349" /><testcase classname="tests.test_backend.TestWeeklyWager" name="test_stake_truncated_to_300" time="0.284" /><testcase classname="tests.test_backend.TestPointsAggregation" name="test_points_accumulate_for_trivia_and_challenge" time="13.395" /><testcase classname="tests.test_i18n.TestDailyQuestionI18n" name="test_question_en_vs_es_same_question_id_different_text" time="0.474" /><testcase classname="tests.test_i18n.TestTriviaCategoriesI18n" name="test_categories_es_returns_spanish_labels" time="0.387" /><testcase classname="tests.test_i18n.TestTriviaCategoriesI18n" name="test_categories_en_returns_english_labels" time="0.349" /><testcase classname="tests.test_i18n.TestBilingualTrivia" name="test_generate_es_then_partners_see_each_in_own_language" time="6.957" /><testcase classname="tests.test_i18n.TestWeeklyChallengeI18n" name="test_challenge_es_returns_spanish_text" time="6.843" /></testsuite></testsuites>