<?xml version="1.0" encoding="utf-8"?><testsuites name="pytest tests"><testsuite name="pytest" errors="0" failures="0" skipped="0" tests="37" time="28.405" timestamp="2026-05-29T23:31:52.584201+00:00" hostname="agent-env-949bb218-3d61-47f4-b5a3-305b05913db1"><testcase classname="tests.test_backend.TestAuth" name="test_me_with_valid_token_returns_user" time="0.270" /><testcase classname="tests.test_backend.TestAuth" name="test_me_missing_token_returns_401" time="0.051" /><testcase classname="tests.test_backend.TestAuth" name="test_me_invalid_token_returns_401" time="0.048" /><testcase classname="tests.test_backend.TestAuth" name="test_me_malformed_authorization_header_returns_401" time="0.049" /><testcase classname="tests.test_backend.TestAuth" name="test_expired_session_returns_401" time="0.070" /><testcase classname="tests.test_backend.TestCoupleCreateJoin" name="test_create_returns_invite_code_and_solo_state" time="0.058" /><testcase classname="tests.test_backend.TestCoupleCreateJoin" name="test_create_is_idempotent_for_same_user" time="0.114" /><testcase classname="tests.test_backend.TestCoupleCreateJoin" name="test_join_invalid_code_returns_404" time="0.103" /><testcase classname="tests.test_backend.TestCoupleCreateJoin" name="test_join_links_second_partner" time="0.112" /><testcase classname="tests.test_backend.TestCoupleCreateJoin" name="test_join_when_already_linked_returns_400" time="0.154" /><testcase classname="tests.test_backend.TestCoupleCreateJoin" name="test_join_full_couple_rejects_third_user" time="0.052" /><testcase classname="tests.test_backend.TestCoupleCreateJoin" name="test_couple_get_unlinked_returns_has_couple_false" time="0.051" /><testcase classname="tests.test_backend.TestCoupleCreateJoin" name="test_settings_anniversary_computes_days_together" time="0.291" /><testcase classname="tests.test_backend.TestCoupleCreateJoin" name="test_settings_requires_couple" time="0.055" /><testcase classname="tests.test_backend.TestMemories" name="test_too_many_photos_rejected" time="0.285" /><testcase classname="tests.test_backend.TestMemories" name="test_create_memory_caption_truncated_to_1500" time="0.289" /><testcase classname="tests.test_backend.TestMemories" name="test_voice_duration_capped_at_60" time="0.279" /><testcase classname="tests.test_backend.TestMemories" name="test_list_by_month_filters_and_returns_dots_data" time="0.479" /><testcase classname="tests.test_backend.TestMemories" name="test_by_date_returns_only_that_day" time="0.383" /><testcase classname="tests.test_backend.TestMemories" name="test_only_author_can_delete" time="0.505" /><testcase classname="tests.test_backend.TestDailyQuestion" name="test_question_is_deterministic_for_today" time="0.317" /><testcase classname="tests.test_backend.TestDailyQuestion" name="test_partner_answer_hidden_until_you_answer" time="0.406" /><testcase classname="tests.test_backend.TestDailyTrivia" name="test_generate_creates_question_with_4_options" time="1.526" /><testcase classname="tests.test_backend.TestDailyTrivia" name="test_generate_is_idempotent_per_day" time="1.657" /><testcase classname="tests.test_backend.TestDailyTrivia" name="test_get_before_generate_returns_exists_false" time="0.307" /><testcase classname="tests.test_backend.TestDailyTrivia" name="test_answer_correct_awards_point_and_blocks_second_answer" time="2.298" /><testcase classname="tests.test_backend.TestWeeklyChallenge" name="test_get_auto_generates_pending_challenge" time="3.349" /><testcase classname="tests.test_backend.TestWeeklyChallenge" name="test_cannot_complete_before_accept" time="2.353" /><testcase classname="tests.test_backend.TestWeeklyChallenge" name="test_decline_path" time="2.097" /><testcase classname="tests.test_backend.TestWeeklyChallenge" name="test_accept_then_complete_awards_5_points_and_reveals_to_partner" time="3.381" /><testcase classname="tests.test_backend.TestWeeklyChallenge" name="test_invalid_action_returns_400" time="0.323" /><testcase classname="tests.test_backend.TestWeeklyWager" name="test_propose_then_partner_accepts" time="0.519" /><testcase classname="tests.test_backend.TestWeeklyWager" name="test_only_one_active_wager_per_week_but_decline_allows_new" time="0.432" /><testcase classname="tests.test_backend.TestWeeklyWager" name="test_respond_when_no_wager_returns_404" time="0.282" /><testcase classname="tests.test_backend.TestWeeklyWager" name="test_invalid_action_returns_400" time="0.348" /><testcase classname="tests.test_backend.TestWeeklyWager" name="test_stake_truncated_to_300" time="0.299" /><testcase classname="tests.test_backend.TestPointsAggregation" name="test_points_accumulate_for_trivia_and_challenge" time="4.738" /></testsuite></testsuites>